<?xml version="1.0" encoding="UTF-8"?>
<!-- Generated by org.testng.reporters.JUnitReportReporter -->
<testsuite hostname="DESKTOP-1U92PBD" failures="0" tests="4" name="UtillityClass.TestClass" time="0.562" errors="0" timestamp="2022-12-22T19:21:47 CST" skipped="0">
  <testcase classname="UtillityClass.TestClass" name="run" time="0.331"/>
  <system-out/>
  <testcase classname="UtillityClass.TestClass" name="chechkboxtest" time="0.104"/>
  <system-out/>
  <testcase classname="UtillityClass.TestClass" name="selectedtest" time="0.048"/>
  <system-out/>
  <testcase classname="UtillityClass.TestClass" name="radiotest" time="0.079"/>
  <system-out/>
</testsuite> <!-- UtillityClass.TestClass -->
